[2016-11-21 18:01:49,005] DEBUG preRegister called. Server=com.sun.jmx.mbeanserver.JmxMBeanServer@66d3c617, name=log4j:logger=kafka.controller (kafka.controller)
[2016-11-21 18:03:17,987] DEBUG preRegister called. Server=com.sun.jmx.mbeanserver.JmxMBeanServer@66d3c617, name=log4j:logger=kafka.controller (kafka.controller)
[2016-11-21 18:04:06,890] INFO [Controller 0]: Controller starting up (kafka.controller.KafkaController)
[2016-11-21 18:04:06,932] INFO [Controller 0]: Broker 0 starting become controller state transition (kafka.controller.KafkaController)
[2016-11-21 18:04:07,061] INFO [Controller 0]: Controller 0 incremented epoch to 1 (kafka.controller.KafkaController)
[2016-11-21 18:04:07,063] DEBUG [Controller 0]: Registering IsrChangeNotificationListener (kafka.controller.KafkaController)
[2016-11-21 18:04:07,078] INFO [Controller 0]: Partitions undergoing preferred replica election:  (kafka.controller.KafkaController)
[2016-11-21 18:04:07,079] INFO [Controller 0]: Partitions that completed preferred replica election:  (kafka.controller.KafkaController)
[2016-11-21 18:04:07,079] INFO [Controller 0]: Resuming preferred replica election for partitions:  (kafka.controller.KafkaController)
[2016-11-21 18:04:07,082] INFO [Controller 0]: Partitions being reassigned: Map() (kafka.controller.KafkaController)
[2016-11-21 18:04:07,082] INFO [Controller 0]: Partitions already reassigned: Set() (kafka.controller.KafkaController)
[2016-11-21 18:04:07,083] INFO [Controller 0]: Resuming reassignment of partitions: Map() (kafka.controller.KafkaController)
[2016-11-21 18:04:07,086] INFO [Controller 0]: List of topics to be deleted:  (kafka.controller.KafkaController)
[2016-11-21 18:04:07,086] INFO [Controller 0]: List of topics ineligible for deletion:  (kafka.controller.KafkaController)
[2016-11-21 18:04:07,088] INFO [Controller 0]: Currently active brokers in the cluster: Set() (kafka.controller.KafkaController)
[2016-11-21 18:04:07,088] INFO [Controller 0]: Currently shutting brokers in the cluster: Set() (kafka.controller.KafkaController)
[2016-11-21 18:04:07,089] INFO [Controller 0]: Current list of topics in the cluster: Set() (kafka.controller.KafkaController)
[2016-11-21 18:04:07,090] INFO [Replica state machine on controller 0]: Started replica state machine with initial state -> Map() (kafka.controller.ReplicaStateMachine)
[2016-11-21 18:04:07,093] INFO [Partition state machine on Controller 0]: Started partition state machine with initial state -> Map() (kafka.controller.PartitionStateMachine)
[2016-11-21 18:04:07,094] INFO [Controller 0]: Broker 0 is ready to serve as the new controller with epoch 1 (kafka.controller.KafkaController)
[2016-11-21 18:04:07,094] INFO [Controller 0]: Starting preferred replica leader election for partitions  (kafka.controller.KafkaController)
[2016-11-21 18:04:07,095] INFO [Partition state machine on Controller 0]: Invoking state change to OnlinePartition for partitions  (kafka.controller.PartitionStateMachine)
[2016-11-21 18:04:07,165] INFO [Controller 0]: starting the partition rebalance scheduler (kafka.controller.KafkaController)
[2016-11-21 18:04:07,168] INFO [Controller 0]: Controller startup complete (kafka.controller.KafkaController)
[2016-11-21 18:04:07,353] INFO [BrokerChangeListener on Controller 0]: Broker change listener fired for path /brokers/ids with children 0 (kafka.controller.ReplicaStateMachine$BrokerChangeListener)
[2016-11-21 18:04:07,465] INFO [BrokerChangeListener on Controller 0]: Newly added brokers: 0, deleted brokers: , all live brokers: 0 (kafka.controller.ReplicaStateMachine$BrokerChangeListener)
[2016-11-21 18:04:07,466] DEBUG [Channel manager on controller 0]: Controller 0 trying to connect to broker 0 (kafka.controller.ControllerChannelManager)
[2016-11-21 18:04:07,472] INFO [Controller-0-to-broker-0-send-thread], Starting  (kafka.controller.RequestSendThread)
[2016-11-21 18:04:07,472] INFO [Controller 0]: New broker startup callback for 0 (kafka.controller.KafkaController)
[2016-11-21 18:04:07,498] INFO [Controller-0-to-broker-0-send-thread], Controller 0 connected to localhost:9092 (id: 0 rack: null) for sending state change requests (kafka.controller.RequestSendThread)
[2016-11-21 18:04:12,170] TRACE [Controller 0]: checking need to trigger partition rebalance (kafka.controller.KafkaController)
[2016-11-21 18:04:12,178] DEBUG [Controller 0]: preferred replicas by broker Map() (kafka.controller.KafkaController)
[2016-11-21 18:07:37,242] DEBUG preRegister called. Server=com.sun.jmx.mbeanserver.JmxMBeanServer@66d3c617, name=log4j:logger=kafka.controller (kafka.controller)
[2016-11-21 18:07:38,839] INFO [Controller 0]: Shutting down broker 0 (kafka.controller.KafkaController)
[2016-11-21 18:07:38,839] DEBUG [Controller 0]: All shutting down brokers: 0 (kafka.controller.KafkaController)
[2016-11-21 18:07:38,839] DEBUG [Controller 0]: Live brokers:  (kafka.controller.KafkaController)
[2016-11-21 18:07:38,841] TRACE [Controller 0]: All leaders =  (kafka.controller.KafkaController)
[2016-11-21 18:07:41,072] DEBUG [Controller 0]: Controller resigning, broker id 0 (kafka.controller.KafkaController)
[2016-11-21 18:07:41,073] DEBUG [Controller 0]: De-registering IsrChangeNotificationListener (kafka.controller.KafkaController)
[2016-11-21 18:07:41,078] INFO [Partition state machine on Controller 0]: Stopped partition state machine (kafka.controller.PartitionStateMachine)
[2016-11-21 18:07:41,079] INFO [Replica state machine on controller 0]: Stopped replica state machine (kafka.controller.ReplicaStateMachine)
[2016-11-21 18:07:41,084] INFO [Controller-0-to-broker-0-send-thread], Shutting down (kafka.controller.RequestSendThread)
[2016-11-21 18:07:41,084] INFO [Controller-0-to-broker-0-send-thread], Stopped  (kafka.controller.RequestSendThread)
[2016-11-21 18:07:41,084] INFO [Controller-0-to-broker-0-send-thread], Shutdown completed (kafka.controller.RequestSendThread)
[2016-11-21 18:07:41,087] INFO [Controller 0]: Broker 0 resigned as the controller (kafka.controller.KafkaController)
[2016-11-21 18:08:24,929] DEBUG preRegister called. Server=com.sun.jmx.mbeanserver.JmxMBeanServer@66d3c617, name=log4j:logger=kafka.controller (kafka.controller)
[2016-11-21 18:09:21,583] DEBUG preRegister called. Server=com.sun.jmx.mbeanserver.JmxMBeanServer@66d3c617, name=log4j:logger=kafka.controller (kafka.controller)
[2016-11-21 18:10:02,796] DEBUG preRegister called. Server=com.sun.jmx.mbeanserver.JmxMBeanServer@66d3c617, name=log4j:logger=kafka.controller (kafka.controller)
[2016-11-21 18:14:41,644] DEBUG preRegister called. Server=com.sun.jmx.mbeanserver.JmxMBeanServer@66d3c617, name=log4j:logger=kafka.controller (kafka.controller)
